<?xml version="1.0" encoding="UTF-8"?>
<!-- Generated by org.testng.reporters.JUnitReportReporter -->
<testsuite skipped="0" hostname="DESKTOP-L8973B7" name="com.bridgelabz.testcases.TC_AdminLogin_01" tests="1" failures="0" timestamp="20 May 2020 14:45:02 GMT" time="11.927" errors="0">
  <testcase name="adminLogin" time="11.927" classname="com.bridgelabz.testcases.TC_AdminLogin_01"/>
</testsuite> <!-- com.bridgelabz.testcases.TC_AdminLogin_01 -->
