<?xml version="1.0" encoding="UTF-8"?>
<!-- Generated by org.testng.reporters.JUnitReportReporter -->
<testsuite skipped="0" hostname="DESKTOP-L8973B7" name="com.bridgelabz.testcases.TC_SearchBook_01" tests="1" failures="0" timestamp="20 May 2020 06:47:57 GMT" time="5.030" errors="0">
  <testcase name="searchBook" time="5.030" classname="com.bridgelabz.testcases.TC_SearchBook_01"/>
</testsuite> <!-- com.bridgelabz.testcases.TC_SearchBook_01 -->
